[2021-10-23 16:14:53] local.ERROR: The Process class relies on proc_open, which is not available on your PHP installation. {"exception":"[object] (Symfony\\Component\\Process\\Exception\\LogicException(code: 0): The Process class relies on proc_open, which is not available on your PHP installation. at /home/wwwroot/nlsg/app_v4_api/vendor/symfony/process/Process.php:143)
[stacktrace]
#0 /home/wwwroot/nlsg/app_v4_api/vendor/symfony/process/Process.php(191): Symfony\\Component\\Process\\Process->__construct(Array, '/home/wwwroot/n...', NULL, NULL, NULL)
#1 /home/wwwroot/nlsg/app_v4_api/vendor/laravel/framework/src/Illuminate/Console/Scheduling/Event.php(222): Symfony\\Component\\Process\\Process::fromShellCommandline(''/usr/local/php...', '/home/wwwroot/n...', NULL, NULL, NULL)
#2 /home/wwwroot/nlsg/app_v4_api/vendor/laravel/framework/src/Illuminate/Console/Scheduling/Event.php(199): Illuminate\\Console\\Scheduling\\Event->runCommandInForeground(Object(Illuminate\\Foundation\\Application))
#3 /home/wwwroot/nlsg/app_v4_api/vendor/laravel/framework/src/Illuminate/Console/Scheduling/ScheduleRunCommand.php(142): Illuminate\\Console\\Scheduling\\Event->run(Object(Illuminate\\Foundation\\Application))
#4 /home/wwwroot/nlsg/app_v4_api/vendor/laravel/framework/src/Illuminate/Console/Scheduling/ScheduleRunCommand.php(101): Illuminate\\Console\\Scheduling\\ScheduleRunCommand->runEvent(Object(Illuminate\\Console\\Scheduling\\Event))
#5 [internal function]: Illuminate\\Console\\Scheduling\\ScheduleRunCommand->handle(Object(Illuminate\\Console\\Scheduling\\Schedule), Object(Illuminate\\Events\\Dispatcher), Object(NunoMaduro\\Collision\\Adapters\\Laravel\\ExceptionHandler))
#6 /home/wwwroot/nlsg/app_v4_api/vendor/laravel/framework/src/Illuminate/Container/BoundMethod.php(33): call_user_func_array(Array, Array)
#7 /home/wwwroot/nlsg/app_v4_api/vendor/laravel/framework/src/Illuminate/Container/Util.php(36): Illuminate\\Container\\BoundMethod::Illuminate\\Container\\{closure}()
#8 /home/wwwroot/nlsg/app_v4_api/vendor/laravel/framework/src/Illuminate/Container/BoundMethod.php(91): Illuminate\\Container\\Util::unwrapIfClosure(Object(Closure))
#9 /home/wwwroot/nlsg/app_v4_api/vendor/laravel/framework/src/Illuminate/Container/BoundMethod.php(35): Illuminate\\Container\\BoundMethod::callBoundMethod(Object(Illuminate\\Foundation\\Application), Array, Object(Closure))
#10 /home/wwwroot/nlsg/app_v4_api/vendor/laravel/framework/src/Illuminate/Container/Container.php(592): Illuminate\\Container\\BoundMethod::call(Object(Illuminate\\Foundation\\Application), Array, Array, NULL)
#11 /home/wwwroot/nlsg/app_v4_api/vendor/laravel/framework/src/Illuminate/Console/Command.php(134): Illuminate\\Container\\Container->call(Array)
#12 /home/wwwroot/nlsg/app_v4_api/vendor/symfony/console/Command/Command.php(258): Illuminate\\Console\\Command->execute(Object(Symfony\\Component\\Console\\Input\\ArgvInput), Object(Illuminate\\Console\\OutputStyle))
#13 /home/wwwroot/nlsg/app_v4_api/vendor/laravel/framework/src/Illuminate/Console/Command.php(121): Symfony\\Component\\Console\\Command\\Command->run(Object(Symfony\\Component\\Console\\Input\\ArgvInput), Object(Illuminate\\Console\\OutputStyle))
#14 /home/wwwroot/nlsg/app_v4_api/vendor/symfony/console/Application.php(911): Illuminate\\Console\\Command->run(Object(Symfony\\Component\\Console\\Input\\ArgvInput), Object(Symfony\\Component\\Console\\Output\\ConsoleOutput))
#15 /home/wwwroot/nlsg/app_v4_api/vendor/symfony/console/Application.php(264): Symfony\\Component\\Console\\Application->doRunCommand(Object(Illuminate\\Console\\Scheduling\\ScheduleRunCommand), Object(Symfony\\Component\\Console\\Input\\ArgvInput), Object(Symfony\\Component\\Console\\Output\\ConsoleOutput))
#16 /home/wwwroot/nlsg/app_v4_api/vendor/symfony/console/Application.php(140): Symfony\\Component\\Console\\Application->doRun(Object(Symfony\\Component\\Console\\Input\\ArgvInput), Object(Symfony\\Component\\Console\\Output\\ConsoleOutput))
#17 /home/wwwroot/nlsg/app_v4_api/vendor/laravel/framework/src/Illuminate/Console/Application.php(93): Symfony\\Component\\Console\\Application->run(Object(Symfony\\Component\\Console\\Input\\ArgvInput), Object(Symfony\\Component\\Console\\Output\\ConsoleOutput))
#18 /home/wwwroot/nlsg/app_v4_api/vendor/laravel/framework/src/Illuminate/Foundation/Console/Kernel.php(129): Illuminate\\Console\\Application->run(Object(Symfony\\Component\\Console\\Input\\ArgvInput), Object(Symfony\\Component\\Console\\Output\\ConsoleOutput))
#19 /home/wwwroot/nlsg/app_v4_api/artisan(37): Illuminate\\Foundation\\Console\\Kernel->handle(Object(Symfony\\Component\\Console\\Input\\ArgvInput), Object(Symfony\\Component\\Console\\Output\\ConsoleOutput))
#20 {main}
"} 
[2021-10-23 16:14:53] local.ERROR: The Process class relies on proc_open, which is not available on your PHP installation. {"exception":"[object] (Symfony\\Component\\Process\\Exception\\LogicException(code: 0): The Process class relies on proc_open, which is not available on your PHP installation. at /home/wwwroot/nlsg/app_v4_api/vendor/symfony/process/Process.php:143)
[stacktrace]
#0 /home/wwwroot/nlsg/app_v4_api/vendor/symfony/process/Process.php(191): Symfony\\Component\\Process\\Process->__construct(Array, '/home/wwwroot/n...', NULL, NULL, NULL)
#1 /home/wwwroot/nlsg/app_v4_api/vendor/laravel/framework/src/Illuminate/Console/Scheduling/Event.php(222): Symfony\\Component\\Process\\Process::fromShellCommandline('php artisan com...', '/home/wwwroot/n...', NULL, NULL, NULL)
#2 /home/wwwroot/nlsg/app_v4_api/vendor/laravel/framework/src/Illuminate/Console/Scheduling/Event.php(199): Illuminate\\Console\\Scheduling\\Event->runCommandInForeground(Object(Illuminate\\Foundation\\Application))
#3 /home/wwwroot/nlsg/app_v4_api/vendor/laravel/framework/src/Illuminate/Console/Scheduling/ScheduleRunCommand.php(142): Illuminate\\Console\\Scheduling\\Event->run(Object(Illuminate\\Foundation\\Application))
#4 /home/wwwroot/nlsg/app_v4_api/vendor/laravel/framework/src/Illuminate/Console/Scheduling/ScheduleRunCommand.php(101): Illuminate\\Console\\Scheduling\\ScheduleRunCommand->runEvent(Object(Illuminate\\Console\\Scheduling\\Event))
#5 [internal function]: Illuminate\\Console\\Scheduling\\ScheduleRunCommand->handle(Object(Illuminate\\Console\\Scheduling\\Schedule), Object(Illuminate\\Events\\Dispatcher), Object(NunoMaduro\\Collision\\Adapters\\Laravel\\ExceptionHandler))
#6 /home/wwwroot/nlsg/app_v4_api/vendor/laravel/framework/src/Illuminate/Container/BoundMethod.php(33): call_user_func_array(Array, Array)
#7 /home/wwwroot/nlsg/app_v4_api/vendor/laravel/framework/src/Illuminate/Container/Util.php(36): Illuminate\\Container\\BoundMethod::Illuminate\\Container\\{closure}()
#8 /home/wwwroot/nlsg/app_v4_api/vendor/laravel/framework/src/Illuminate/Container/BoundMethod.php(91): Illuminate\\Container\\Util::unwrapIfClosure(Object(Closure))
#9 /home/wwwroot/nlsg/app_v4_api/vendor/laravel/framework/src/Illuminate/Container/BoundMethod.php(35): Illuminate\\Container\\BoundMethod::callBoundMethod(Object(Illuminate\\Foundation\\Application), Array, Object(Closure))
#10 /home/wwwroot/nlsg/app_v4_api/vendor/laravel/framework/src/Illuminate/Container/Container.php(592): Illuminate\\Container\\BoundMethod::call(Object(Illuminate\\Foundation\\Application), Array, Array, NULL)
#11 /home/wwwroot/nlsg/app_v4_api/vendor/laravel/framework/src/Illuminate/Console/Command.php(134): Illuminate\\Container\\Container->call(Array)
#12 /home/wwwroot/nlsg/app_v4_api/vendor/symfony/console/Command/Command.php(258): Illuminate\\Console\\Command->execute(Object(Symfony\\Component\\Console\\Input\\ArgvInput), Object(Illuminate\\Console\\OutputStyle))
#13 /home/wwwroot/nlsg/app_v4_api/vendor/laravel/framework/src/Illuminate/Console/Command.php(121): Symfony\\Component\\Console\\Command\\Command->run(Object(Symfony\\Component\\Console\\Input\\ArgvInput), Object(Illuminate\\Console\\OutputStyle))
#14 /home/wwwroot/nlsg/app_v4_api/vendor/symfony/console/Application.php(911): Illuminate\\Console\\Command->run(Object(Symfony\\Component\\Console\\Input\\ArgvInput), Object(Symfony\\Component\\Console\\Output\\ConsoleOutput))
#15 /home/wwwroot/nlsg/app_v4_api/vendor/symfony/console/Application.php(264): Symfony\\Component\\Console\\Application->doRunCommand(Object(Illuminate\\Console\\Scheduling\\ScheduleRunCommand), Object(Symfony\\Component\\Console\\Input\\ArgvInput), Object(Symfony\\Component\\Console\\Output\\ConsoleOutput))
#16 /home/wwwroot/nlsg/app_v4_api/vendor/symfony/console/Application.php(140): Symfony\\Component\\Console\\Application->doRun(Object(Symfony\\Component\\Console\\Input\\ArgvInput), Object(Symfony\\Component\\Console\\Output\\ConsoleOutput))
#17 /home/wwwroot/nlsg/app_v4_api/vendor/laravel/framework/src/Illuminate/Console/Application.php(93): Symfony\\Component\\Console\\Application->run(Object(Symfony\\Component\\Console\\Input\\ArgvInput), Object(Symfony\\Component\\Console\\Output\\ConsoleOutput))
#18 /home/wwwroot/nlsg/app_v4_api/vendor/laravel/framework/src/Illuminate/Foundation/Console/Kernel.php(129): Illuminate\\Console\\Application->run(Object(Symfony\\Component\\Console\\Input\\ArgvInput), Object(Symfony\\Component\\Console\\Output\\ConsoleOutput))
#19 /home/wwwroot/nlsg/app_v4_api/artisan(37): Illuminate\\Foundation\\Console\\Kernel->handle(Object(Symfony\\Component\\Console\\Input\\ArgvInput), Object(Symfony\\Component\\Console\\Output\\ConsoleOutput))
#20 {main}
"} 
